[15:44:15] [main/INFO]: ModLauncher running: args [--mod, charcoalblock, --all, --output, D:\Programmazione\Mod\Charcoal Block\NEOFORGE\1.21.4\src\generated\resources, --existing, D:\Programmazione\Mod\Charcoal Block\NEOFORGE\1.21.4\src\main\resources, --launchTarget, neoforgeclientdatadev, --assetIndex, asset-index, --assetsDir, C:\Users\rosar\.gradle\caches\minecraft\assets, --gameDir, ., --fml.fmlVersion, 6.0.4, --fml.mcVersion, 1.21.4, --fml.neoForgeVersion, 21.4.38-beta, --fml.neoFormVersion, 20241203.161809]
[15:44:15] [main/INFO]: JVM identified as Azul Systems, Inc. OpenJDK 64-Bit Server VM 21.0.5+11-LTS
[15:44:15] [main/INFO]: ModLauncher 11.0.4+main.d2e20e43 starting: java version 21.0.5 by Azul Systems, Inc.; OS Windows 11 arch amd64 version 10.0
[15:44:15] [main/INFO]: ImmediateWindowProvider not loading because launch target is neoforgeclientdatadev
[15:44:15] [main/INFO]: SpongePowered MIXIN Subsystem Version=0.8.7 Source=union:/C:/Users/rosar/.gradle/caches/modules-2/files-2.1/net.fabricmc/sponge-mixin/0.15.2+mixin.0.8.7/2af2f021d8e02a0220dc27a7a72b4666d66d44ca/sponge-mixin-0.15.2+mixin.0.8.7.jar%23166!/ Service=ModLauncher Env=CLIENT
[15:44:15] [main/INFO]: Found mod file "neoforge-21.4.38-beta.jar" [locator: neoforge devenv provider ([D:\Programmazione\Mod\Charcoal Block\NEOFORGE\1.21.4\.gradle\repositories\ng_dummy_ng\net\neoforged\neoforge\21.4.38-beta\neoforge-21.4.38-beta.jar])]
[15:44:15] [main/INFO]: Found mod file "neoforge-21.4.38-beta.jar" [locator: neoforge devenv provider ([D:\Programmazione\Mod\Charcoal Block\NEOFORGE\1.21.4\.gradle\repositories\ng_dummy_ng\net\neoforged\neoforge\21.4.38-beta\neoforge-21.4.38-beta.jar])]
[15:44:15] [main/INFO]: Found mod file "main" [locator: userdev mods and services, reader: mod manifest]
[15:44:15] [main/INFO]: Found mod file "neoforge-21.4.38-beta.jar" [locator: userdev mods and services, reader: mod manifest]
[15:44:15] [main/INFO]: Found mod file "RoughlyEnoughItems-neoforge-18.0.796.jar" [locator: userdev mods and services, reader: mod manifest]
[15:44:15] [main/INFO]: Found mod file "cloth-config-neoforge-17.0.144-neoforge.jar" [locator: userdev mods and services, reader: mod manifest]
[15:44:15] [main/INFO]: Found mod file "architectury-neoforge-15.0.1.jar" [locator: userdev mods and services, reader: mod manifest]
[15:44:16] [main/INFO]: Found gamelibrary file "mixinextras-neoforge-0.4.1.jar" [locator: userdev mods and services, reader: mod manifest]
[15:44:16] [main/WARN]: Attempted to select a dependency jar for JarJar which was passed in as source: library:mixinextras.neoforge. Using Mod File: C:\Users\rosar\.gradle\caches\modules-2\files-2.1\io.github.llamalad7\mixinextras-neoforge\0.4.1\eff97772ecd0dcf8e52cdbafd3b3ccec425f8314\mixinextras-neoforge-0.4.1.jar
[15:44:16] [main/INFO]: Found 1 dependencies adding them to mods collection
[15:44:16] [main/INFO]: Found library file "net.neoforged.neoforge-coremods-21.4.38-beta.jar" [parent: neoforge-21.4.38-beta.jar, locator: jarinjar, reader: mod manifest]
[15:44:16] [main/INFO]: 
     Mod List:
		Name Version (Mod Id)

		Architectury 15.0.1 (architectury)
		Charcoal Block 1.21.4-0.1 (charcoalblock)
		Cloth Config v17 API 17.0.144 (cloth_config)
		Minecraft 1.21.4 (minecraft)
		NeoForge 21.4.38-beta (neoforge)
		Roughly Enough Items (REI) 18.0.796 (roughlyenoughitems)
[15:44:16] [main/INFO]: Launching target 'neoforgeclientdatadev' with arguments [--gameDir, ., --assetsDir, C:\Users\rosar\.gradle\caches\minecraft\assets, --mod, charcoalblock, --all, --output, D:\Programmazione\Mod\Charcoal Block\NEOFORGE\1.21.4\src\generated\resources, --existing, D:\Programmazione\Mod\Charcoal Block\NEOFORGE\1.21.4\src\main\resources, --assetIndex, asset-index]
[02gen2025 15:44:17.701] [main/INFO] [MixinExtras|Service/]: Initializing MixinExtras via com.llamalad7.mixinextras.service.MixinExtrasServiceImpl(version=0.4.1).
[02gen2025 15:44:24.749] [main/INFO] [net.neoforged.neoforge.data.loading.DatagenModLoader/]: Initializing Data Gatherer for mods [charcoalblock]
[02gen2025 15:44:24.826] [modloading-worker-0/INFO] [net.neoforged.neoforge.common.NeoForgeMod/NEOFORGE-MOD]: NeoForge mod loading, version 21.4.38-beta, for MC 1.21.4
[02gen2025 15:44:25.667] [main/WARN] [net.minecraft.server.packs.VanillaPackResourcesBuilder/]: Assets URL 'union:/D:/Programmazione/Mod/Charcoal%20Block/NEOFORGE/1.21.4/.gradle/repositories/ng_dummy_ng/net/neoforged/neoforge/21.4.38-beta/neoforge-21.4.38-beta.jar%23221!/assets/.mcassetsroot' uses unexpected schema
[02gen2025 15:44:25.668] [main/WARN] [net.minecraft.server.packs.VanillaPackResourcesBuilder/]: Assets URL 'union:/D:/Programmazione/Mod/Charcoal%20Block/NEOFORGE/1.21.4/.gradle/repositories/ng_dummy_ng/net/neoforged/neoforge/21.4.38-beta/neoforge-21.4.38-beta.jar%23221!/data/.mcassetsroot' uses unexpected schema
[02gen2025 15:44:25.826] [main/INFO] [net.minecraft.data.DataGenerator/]: Starting provider: Tags for minecraft:block mod id charcoalblock
[02gen2025 15:44:25.843] [main/INFO] [net.minecraft.data.DataGenerator/]: Tags for minecraft:block mod id charcoalblock finished after 16 ms
[02gen2025 15:44:25.843] [main/INFO] [net.minecraft.data.DataGenerator/]: Starting provider: CharcoalBlock Recipes
[02gen2025 15:44:25.890] [main/INFO] [net.minecraft.data.DataGenerator/]: CharcoalBlock Recipes finished after 46 ms
[02gen2025 15:44:25.890] [main/INFO] [net.minecraft.data.DataGenerator/]: Starting provider: Loot Tables
[02gen2025 15:44:25.901] [main/INFO] [net.minecraft.data.DataGenerator/]: Loot Tables finished after 11 ms
[02gen2025 15:44:25.901] [main/INFO] [net.minecraft.data.DataGenerator/]: Starting provider: CharcoalBlock Blockstates
[02gen2025 15:44:25.914] [main/INFO] [net.minecraft.data.DataGenerator/]: CharcoalBlock Blockstates finished after 12 ms
[02gen2025 15:44:25.914] [main/INFO] [net.minecraft.data.DataGenerator/]: Starting provider: Item Models: charcoalblock
[02gen2025 15:44:25.917] [main/INFO] [net.minecraft.data.DataGenerator/]: Item Models: charcoalblock finished after 2 ms
[02gen2025 15:44:25.917] [main/INFO] [net.minecraft.data.DataGenerator/]: All providers took: 91 ms
[02gen2025 15:44:25.925] [main/INFO] [net.minecraft.data.HashCache/]: Caching: total files: 10, old count: 11, new count: 11, removed stale: 0, written: 1
